<?xml version="1.0" encoding="UTF-8"?>
<!-- Generated by org.testng.reporters.JUnitReportReporter -->
<testsuite hostname="DESKTOP-LG9UCNK" failures="0" tests="1" name="Swag.EvenOrOdd" time="3.229" errors="0" timestamp="2023-11-29T15:57:15 EET" skipped="0">
  <testcase classname="Swag.EvenOrOdd" name="myTest" time="3.229"/>
  <system-out/>
</testsuite> <!-- Swag.EvenOrOdd -->
